<?xml version="1.0" encoding="UTF-8"?>
<testng-results ignored="0" total="4" passed="4" failed="0" skipped="0">
  <reporter-output>
  </reporter-output>
  <suite started-at="2023-11-30T05:33:43Z" name="Suite" finished-at="2023-11-30T05:33:52Z" duration-ms="9217">
    <groups>
    </groups>
    <test started-at="2023-11-30T05:33:43Z" name="Test" finished-at="2023-11-30T05:33:52Z" duration-ms="9217">
      <class name="com.testng.ParaTestNg">
        <test-method signature="tc1(java.lang.String, java.lang.String, java.lang.String, java.lang.String)[pri:0, instance:com.testng.ParaTestNg@6cce16f4]" started-at="2023-11-30T05:33:43Z" name="tc1" finished-at="2023-11-30T05:33:50Z" duration-ms="7113" status="PASS">
          <params>
            <param index="0">
              <value>
                <![CDATA[Imsaiarasan]]>
              </value>
            </param>
            <param index="1">
              <value>
                <![CDATA[Pulikesi]]>
              </value>
            </param>
            <param index="2">
              <value>
                <![CDATA[Arakkapuram,Tanjore,TamilNadu]]>
              </value>
            </param>
            <param index="3">
              <value>
                <![CDATA[pulikesi23@gmail.com]]>
              </value>
            </param>
          </params>
          <reporter-output>
          </reporter-output>
        </test-method> <!-- tc1 -->
        <test-method signature="tc2(java.lang.String)[pri:5, instance:com.testng.ParaTestNg@6cce16f4]" started-at="2023-11-30T05:33:50Z" name="tc2" finished-at="2023-11-30T05:33:51Z" duration-ms="518" status="PASS">
          <params>
            <param index="0">
              <value>
                <![CDATA[9854671236]]>
              </value>
            </param>
          </params>
          <reporter-output>
          </reporter-output>
        </test-method> <!-- tc2 -->
        <test-method signature="tc4()[pri:10, instance:com.testng.ParaTestNg@6cce16f4]" started-at="2023-11-30T05:33:51Z" name="tc4" finished-at="2023-11-30T05:33:52Z" duration-ms="1298" status="PASS">
          <reporter-output>
          </reporter-output>
        </test-method> <!-- tc4 -->
        <test-method signature="tc3(java.lang.String, java.lang.String)[pri:15, instance:com.testng.ParaTestNg@6cce16f4]" started-at="2023-11-30T05:33:52Z" name="tc3" finished-at="2023-11-30T05:33:52Z" duration-ms="258" status="PASS">
          <params>
            <param index="0">
              <value>
                <![CDATA[@qwerty7890]]>
              </value>
            </param>
            <param index="1">
              <value>
                <![CDATA[@qwerty7890]]>
              </value>
            </param>
          </params>
          <reporter-output>
          </reporter-output>
        </test-method> <!-- tc3 -->
      </class> <!-- com.testng.ParaTestNg -->
    </test> <!-- Test -->
  </suite> <!-- Suite -->
</testng-results>
